Arguments: 
  C:\Program Files\nodejs\node.exe C:\Users\Prajwal\AppData\Roaming\npm\node_modules\yarn\bin\yarn.js install

PATH: 
  C:\Python310\Scripts\;C:\Python310\;C:\Program Files (x86)\NVIDIA Corporation\PhysX\Common;C:\WINDOWS\system32;C:\WINDOWS;C:\WINDOWS\System32\Wbem;C:\WINDOWS\System32\WindowsPowerShell\v1.0\;C:\WINDOWS\System32\OpenSSH\;C:\ProgramData\chocolatey\bin;C:\Program Files\nodejs\;C:\Program Files\MySQL\MySQL Server 8.0\bin;C:\Users\Prajwal\AppData\Local\Microsoft\WindowsApps;;C:\Users\Prajwal\AppData\Local\Programs\Microsoft VS Code\bin;C:\Users\Prajwal\AppData\Roaming\npm

Yarn version: 
  1.22.19

Node version: 
  16.17.0

Platform: 
  win32 x64

Trace: 
  Error: https://registry.yarnpkg.com/date-fns/-/date-fns-2.29.3.tgz: ESOCKETTIMEDOUT
      at ClientRequest.<anonymous> (C:\Users\Prajwal\AppData\Roaming\npm\node_modules\yarn\lib\cli.js:141517:19)
      at Object.onceWrapper (node:events:627:28)
      at ClientRequest.emit (node:events:513:28)
      at TLSSocket.emitRequestTimeout (node:_http_client:814:9)
      at Object.onceWrapper (node:events:627:28)
      at TLSSocket.emit (node:events:525:35)
      at TLSSocket.Socket._onTimeout (node:net:526:8)
      at listOnTimeout (node:internal/timers:559:17)
      at processTimers (node:internal/timers:502:7)

npm manifest: 
  {
    "name": "api",
    "private": true,
    "version": "0.1.0",
    "description": "A Strapi application",
    "scripts": {
      "develop": "strapi develop",
      "start": "strapi start",
      "build": "strapi build",
      "strapi": "strapi"
    },
    "devDependencies": {},
    "dependencies": {
      "@strapi/plugin-i18n": "4.6.0",
      "@strapi/plugin-users-permissions": "4.6.0",
      "@strapi/strapi": "4.6.0",
      "mysql": "^2.18.1"
    },
    "author": {
      "name": "A Strapi developer"
    },
    "strapi": {
      "uuid": "b8765c56-dcbb-428d-a21a-83d32c71ab3b"
    },
    "engines": {
      "node": ">=14.19.1 <=18.x.x",
      "npm": ">=6.0.0"
    },
    "license": "MIT"
  }

yarn manifest: 
  No manifest

Lockfile: 
  No lockfile
